{
  "RSpec": {
    "coverage": {
      "/Users/jakevolpe/learning_time/sweater-weather-revisit/app/clients/weather_client.rb": {
        "lines": [
          1,
          1,
          1,
          1,
          null,
          null,
          1,
          1,
          2,
          null,
          null,
          null,
          null,
          null,
          1,
          2,
          2,
          2,
          2,
          2,
          null,
          null,
          null
        ]
      }
    },
    "timestamp": 1657662385
  }
}
